<?xml version="1.0" encoding="UTF-8"?>
<!-- Generated by org.testng.reporters.JUnitReportReporter -->
<testsuite hostname="DESKTOP-CNHSPHG" failures="0" tests="1" name="seleniumtraining.PrintAllData" time="12.773" errors="0" timestamp="2022-01-23T19:46:19 IST" skipped="0">
  <testcase classname="seleniumtraining.PrintAllData" name="tableData" time="12.773"/>
  <system-out/>
</testsuite> <!-- seleniumtraining.PrintAllData -->
