<?xml version="1.0" encoding="UTF-8"?>
<!-- Generated by org.testng.reporters.JUnitReportReporter -->
<testsuite hostname="DESKTOP-CNHSPHG" failures="0" tests="1" name="seleniumtraining.KeyDown2" time="3.184" errors="0" timestamp="2022-01-23T11:04:55 IST" skipped="0">
  <testcase classname="seleniumtraining.KeyDown2" name="scrool" time="3.184"/>
  <system-out/>
</testsuite> <!-- seleniumtraining.KeyDown2 -->
