<?xml version="1.0" encoding="UTF-8"?>
<!-- Generated by org.testng.reporters.JUnitReportReporter -->
<testsuite hostname="DESKTOP-CNHSPHG" failures="0" tests="1" name="seleniumPractise.RightClick" time="7.466" errors="0" timestamp="2022-01-26T19:45:48 IST" skipped="0">
  <testcase classname="seleniumPractise.RightClick" name="rightclick" time="7.466"/>
  <system-out/>
</testsuite> <!-- seleniumPractise.RightClick -->
