<?xml version="1.0" encoding="UTF-8"?>
<!-- Generated by org.testng.reporters.JUnitReportReporter -->
<testsuite hostname="DESKTOP-CNHSPHG" failures="0" tests="2" name="seleniumtraining.calender" time="22.669" errors="0" timestamp="2022-01-17T22:52:42 IST" skipped="0">
  <testcase classname="seleniumtraining.calender" name="selectTwowayRadioButton" time="12.555"/>
  <system-out/>
  <testcase classname="seleniumtraining.calender" name="selectcalender" time="10.114"/>
  <system-out/>
</testsuite> <!-- seleniumtraining.calender -->
