<?xml version="1.0" encoding="UTF-8"?>
<!-- Generated by org.testng.reporters.JUnitReportReporter -->
<testsuite hostname="DESKTOP-CNHSPHG" failures="0" tests="1" name="seleniumtraining.multiplewindows" time="15.330" errors="0" timestamp="2022-01-11T20:50:47 IST" skipped="0">
  <testcase classname="seleniumtraining.multiplewindows" name="multiplewindow" time="15.330"/>
  <system-out/>
</testsuite> <!-- seleniumtraining.multiplewindows -->
