<?xml version="1.0" encoding="UTF-8"?>
<!-- Generated by org.testng.reporters.JUnitReportReporter -->
<testsuite hostname="DESKTOP-CNHSPHG" failures="0" tests="1" name="seleniumtraining.ZoomInZoomOut" time="8.340" errors="0" timestamp="2022-01-21T11:21:28 IST" skipped="0">
  <testcase classname="seleniumtraining.ZoomInZoomOut" name="scrool" time="8.340"/>
  <system-out/>
</testsuite> <!-- seleniumtraining.ZoomInZoomOut -->
