<?xml version="1.0" encoding="UTF-8"?>
<!-- Generated by org.testng.reporters.JUnitReportReporter -->
<testsuite hostname="DESKTOP-CNHSPHG" failures="0" tests="8" name="TestNG.DataProvider" time="0.016" errors="0" timestamp="2022-01-30T11:45:53 IST" skipped="0">
  <testcase classname="TestNG.DataProvider" name="test2" time="0.001"/>
  <system-out/>
  <testcase classname="TestNG.DataProvider" name="test2" time="0.001"/>
  <system-out/>
  <testcase classname="TestNG.DataProvider" name="test" time="0.001"/>
  <system-out/>
  <testcase classname="TestNG.DataProvider" name="test1" time="0.002"/>
  <system-out/>
  <testcase classname="TestNG.DataProvider" name="test1" time="0.002"/>
  <system-out/>
  <testcase classname="TestNG.DataProvider" name="test1" time="0.001"/>
  <system-out/>
  <testcase classname="TestNG.DataProvider" name="test" time="0.007"/>
  <system-out/>
  <testcase classname="TestNG.DataProvider" name="test2" time="0.001"/>
  <system-out/>
</testsuite> <!-- TestNG.DataProvider -->
