<?xml version="1.0" encoding="UTF-8"?>
<!-- Generated by org.testng.reporters.JUnitReportReporter -->
<testsuite hostname="DESKTOP-CNHSPHG" failures="0" tests="1" name="seleniumtraining.scroolIn" time="20.928" errors="0" timestamp="2022-01-20T01:54:51 IST" skipped="0">
  <testcase classname="seleniumtraining.scroolIn" name="scrool" time="20.928"/>
  <system-out/>
</testsuite> <!-- seleniumtraining.scroolIn -->
