<?xml version="1.0" encoding="UTF-8"?>
<!-- Generated by org.testng.reporters.JUnitReportReporter -->
<testsuite hostname="DESKTOP-CNHSPHG" failures="0" tests="3" name="TestNG.GroupTestDemo" time="0.012" errors="0" timestamp="2022-01-26T03:01:46 IST" skipped="0">
  <testcase classname="TestNG.GroupTestDemo" name="Test4" time="0.009"/>
  <system-out/>
  <testcase classname="TestNG.GroupTestDemo" name="Test1" time="0.002"/>
  <system-out/>
  <testcase classname="TestNG.GroupTestDemo" name="Test2" time="0.001"/>
  <system-out/>
</testsuite> <!-- TestNG.GroupTestDemo -->
