<?xml version="1.0" encoding="UTF-8"?>
<!-- Generated by org.testng.reporters.JUnitReportReporter -->
<testsuite hostname="DESKTOP-CNHSPHG" failures="0" tests="1" name="seleniumtraining.DeleteCookies" time="4.899" errors="0" timestamp="2022-01-21T11:35:49 IST" skipped="0">
  <testcase classname="seleniumtraining.DeleteCookies" name="scrool" time="4.899"/>
  <system-out/>
</testsuite> <!-- seleniumtraining.DeleteCookies -->
