<?xml version="1.0" encoding="UTF-8"?>
<!-- Generated by org.testng.reporters.JUnitReportReporter -->
<testsuite hostname="DESKTOP-CNHSPHG" failures="0" tests="1" name="seleniumtraining.webtable" time="5.632" errors="0" timestamp="2022-01-20T00:53:34 IST" skipped="0">
  <testcase classname="seleniumtraining.webtable" name="webTableData" time="5.632"/>
  <system-out/>
</testsuite> <!-- seleniumtraining.webtable -->
