<?xml version="1.0" encoding="UTF-8"?>
<!-- Generated by org.testng.reporters.JUnitReportReporter -->
<testsuite hostname="DESKTOP-CNHSPHG" failures="0" tests="1" name="TestNG.LoginTest_XMLData_Read" time="3.018" errors="0" timestamp="2022-01-28T19:50:52 IST" skipped="0">
  <testcase classname="TestNG.LoginTest_XMLData_Read" name="launchApplication" time="3.018"/>
  <system-out/>
</testsuite> <!-- TestNG.LoginTest_XMLData_Read -->
