<?xml version="1.0" encoding="UTF-8"?>
<!-- Generated by org.testng.reporters.JUnitReportReporter -->
<testsuite hostname="DESKTOP-CNHSPHG" failures="0" tests="1" name="seleniumPractise.Screenshots" time="5.250" errors="0" timestamp="2022-01-27T17:38:03 IST" skipped="0">
  <testcase classname="seleniumPractise.Screenshots" name="javascriptexec" time="5.250"/>
  <system-out/>
</testsuite> <!-- seleniumPractise.Screenshots -->
