<?xml version="1.0" encoding="UTF-8"?>
<!-- Generated by org.testng.reporters.JUnitReportReporter -->
<testsuite hostname="DESKTOP-CNHSPHG" failures="0" tests="1" name="seleniumPractise.PrintAllLinks" time="10.224" errors="0" timestamp="2022-01-25T15:01:30 IST" skipped="0">
  <testcase classname="seleniumPractise.PrintAllLinks" name="multiselect" time="10.224"/>
  <system-out/>
</testsuite> <!-- seleniumPractise.PrintAllLinks -->
