<?xml version="1.0" encoding="UTF-8"?>
<!-- Generated by org.testng.reporters.JUnitReportReporter -->
<testsuite hostname="DESKTOP-CNHSPHG" failures="0" tests="1" name="seleniumtraining.SeleniumPractice1" time="15.209" errors="0" timestamp="2022-01-25T12:56:52 IST" skipped="0">
  <testcase classname="seleniumtraining.SeleniumPractice1" name="BrowserLaunch" time="15.209"/>
  <system-out/>
</testsuite> <!-- seleniumtraining.SeleniumPractice1 -->
