<?xml version="1.0" encoding="UTF-8"?>
<!-- Generated by org.testng.reporters.JUnitReportReporter -->
<testsuite hostname="DESKTOP-CNHSPHG" failures="0" tests="4" name="seleniumtraining.LoginDataProvider" time="39.289" errors="0" timestamp="2022-01-24T20:15:41 IST" skipped="0">
  <testcase classname="seleniumtraining.LoginDataProvider" name="testLogin" time="7.688"/>
  <system-out/>
  <testcase classname="seleniumtraining.LoginDataProvider" name="testLogin" time="26.114"/>
  <system-out/>
  <testcase classname="seleniumtraining.LoginDataProvider" name="testLogin" time="2.636"/>
  <system-out/>
  <testcase classname="seleniumtraining.LoginDataProvider" name="testLogin" time="2.851"/>
  <system-out/>
</testsuite> <!-- seleniumtraining.LoginDataProvider -->
