<?xml version="1.0" encoding="UTF-8"?>
<!-- Generated by org.testng.reporters.JUnitReportReporter -->
<testsuite hostname="DESKTOP-CNHSPHG" failures="0" tests="1" name="seleniumtraining.AddCookie" time="7.051" errors="0" timestamp="2022-01-21T11:50:39 IST" skipped="0">
  <testcase classname="seleniumtraining.AddCookie" name="scrool" time="7.051"/>
  <system-out/>
</testsuite> <!-- seleniumtraining.AddCookie -->
