<?xml version="1.0" encoding="UTF-8"?>
<!-- Generated by org.testng.reporters.JUnitReportReporter -->
<testsuite hostname="DESKTOP-CNHSPHG" failures="0" tests="1" name="seleniumPractise.ExplicitWait" time="9.312" errors="0" timestamp="2022-01-26T20:38:32 IST" skipped="0">
  <testcase classname="seleniumPractise.ExplicitWait" name="waitexplicit" time="9.312"/>
  <system-out/>
</testsuite> <!-- seleniumPractise.ExplicitWait -->
