<?xml version="1.0" encoding="UTF-8"?>
<!-- Generated by org.testng.reporters.JUnitReportReporter -->
<testsuite hostname="DESKTOP-CNHSPHG" failures="0" tests="1" name="seleniumtraining.VerifyradioButton" time="4.811" errors="0" timestamp="2022-01-21T20:15:50 IST" skipped="0">
  <testcase classname="seleniumtraining.VerifyradioButton" name="scrool" time="4.811"/>
  <system-out/>
</testsuite> <!-- seleniumtraining.VerifyradioButton -->
