<?xml version="1.0" encoding="UTF-8"?>
<!-- Generated by org.testng.reporters.JUnitReportReporter -->
<testsuite hostname="DESKTOP-CNHSPHG" failures="0" tests="1" name="seleniumtraining.mouseover" time="6.975" errors="0" timestamp="2022-01-10T10:05:35 IST" skipped="0">
  <testcase classname="seleniumtraining.mouseover" name="mouse" time="6.975"/>
  <system-out/>
</testsuite> <!-- seleniumtraining.mouseover -->
