<?xml version="1.0" encoding="UTF-8"?>
<!-- Generated by org.testng.reporters.JUnitReportReporter -->
<testsuite hostname="DESKTOP-CNHSPHG" failures="0" tests="1" name="seleniumtraining.selectClass" time="5.075" errors="0" timestamp="2022-01-10T09:03:10 IST" skipped="0">
  <testcase classname="seleniumtraining.selectClass" name="selectbox" time="5.075"/>
  <system-out/>
</testsuite> <!-- seleniumtraining.selectClass -->
