<?xml version="1.0" encoding="UTF-8"?>
<!-- Generated by org.testng.reporters.JUnitReportReporter -->
<testsuite hostname="DESKTOP-CNHSPHG" failures="0" tests="5" name="seleniumtraining.dataprovider" time="0.010" errors="0" timestamp="2022-01-24T19:38:51 IST" skipped="0">
  <testcase classname="seleniumtraining.dataprovider" name="test3" time="0.000"/>
  <system-out/>
  <testcase classname="seleniumtraining.dataprovider" name="test2" time="0.002"/>
  <system-out/>
  <testcase classname="seleniumtraining.dataprovider" name="test2" time="0.007"/>
  <system-out/>
  <testcase classname="seleniumtraining.dataprovider" name="test3" time="0.001"/>
  <system-out/>
  <testcase classname="seleniumtraining.dataprovider" name="test3" time="0.000"/>
  <system-out/>
</testsuite> <!-- seleniumtraining.dataprovider -->
