<?xml version="1.0" encoding="UTF-8"?>
<!-- Generated by org.testng.reporters.JUnitReportReporter -->
<testsuite hostname="DESKTOP-CNHSPHG" failures="0" tests="1" name="seleniumPractise.HandleCheckBox" time="9.092" errors="0" timestamp="2022-01-25T17:02:12 IST" skipped="0">
  <testcase classname="seleniumPractise.HandleCheckBox" name="checkbox" time="9.092"/>
  <system-out/>
</testsuite> <!-- seleniumPractise.HandleCheckBox -->
