<?xml version="1.0" encoding="UTF-8"?>
<!-- Generated by org.testng.reporters.JUnitReportReporter -->
<testsuite hostname="DESKTOP-CNHSPHG" failures="0" tests="1" name="seleniumPractise.Cutpaste" time="12.426" errors="0" timestamp="2022-01-26T20:00:46 IST" skipped="0">
  <testcase classname="seleniumPractise.Cutpaste" name="cutpaste" time="12.426"/>
  <system-out/>
</testsuite> <!-- seleniumPractise.Cutpaste -->
