<?xml version="1.0" encoding="UTF-8"?>
<!-- Generated by org.testng.reporters.JUnitReportReporter -->
<testsuite hostname="DESKTOP-CNHSPHG" failures="0" tests="1" name="TestNG.VerifyTitleandText" time="3.267" errors="0" timestamp="2022-01-26T02:59:06 IST" skipped="0">
  <testcase classname="TestNG.VerifyTitleandText" name="titleVerification" time="3.267"/>
  <system-out/>
</testsuite> <!-- TestNG.VerifyTitleandText -->
