<?xml version="1.0" encoding="UTF-8"?>
<!-- Generated by org.testng.reporters.JUnitReportReporter -->
<testsuite hostname="DESKTOP-CNHSPHG" failures="0" tests="1" name="seleniumPractise.WindowHandles" time="17.614" errors="0" timestamp="2022-01-25T17:36:55 IST" skipped="0">
  <testcase classname="seleniumPractise.WindowHandles" name="WindowHandle" time="17.614"/>
  <system-out/>
</testsuite> <!-- seleniumPractise.WindowHandles -->
