<?xml version="1.0" encoding="UTF-8"?>
<!-- Generated by org.testng.reporters.JUnitReportReporter -->
<testsuite hostname="DESKTOP-CNHSPHG" failures="0" tests="3" name="TestNG.SkipDemoTest" time="0.013" errors="0" timestamp="2022-01-26T03:15:12 IST" skipped="3">
  <testcase classname="TestNG.SkipDemoTest" name="skipTest3" time="0.002">
    <skipped/>
  </testcase> <!-- skipTest3 -->
  <system-out/>
  <testcase classname="TestNG.SkipDemoTest" name="skipTest2" time="0.011">
    <skipped/>
  </testcase> <!-- skipTest2 -->
  <system-out/>
  <testcase classname="TestNG.SkipDemoTest" name="skipTest1">
    <skipped/>
  </testcase> <!-- skipTest1 -->
  <system-out/>
</testsuite> <!-- TestNG.SkipDemoTest -->
