<?xml version="1.0" encoding="UTF-8"?>
<!-- Generated by org.testng.reporters.JUnitReportReporter -->
<testsuite hostname="DESKTOP-CNHSPHG" failures="0" tests="1" name="seleniumPractise.AutoSuggestionDropDown" time="18.923" errors="0" timestamp="2022-01-31T14:24:04 IST" skipped="0">
  <testcase classname="seleniumPractise.AutoSuggestionDropDown" name="multiselect" time="18.923"/>
  <system-out/>
</testsuite> <!-- seleniumPractise.AutoSuggestionDropDown -->
