<?xml version="1.0" encoding="UTF-8"?>
<!-- Generated by org.testng.reporters.JUnitReportReporter -->
<testsuite hostname="DESKTOP-CNHSPHG" failures="0" tests="1" name="seleniumtraining.KeyBoardandMouseEvent" time="4.021" errors="0" timestamp="2022-01-21T20:52:51 IST" skipped="0">
  <testcase classname="seleniumtraining.KeyBoardandMouseEvent" name="scrool" time="4.021"/>
  <system-out/>
</testsuite> <!-- seleniumtraining.KeyBoardandMouseEvent -->
