<?xml version="1.0" encoding="UTF-8"?>
<!-- Generated by org.testng.reporters.JUnitReportReporter -->
<testsuite hostname="DESKTOP-CNHSPHG" failures="0" tests="1" name="seleniumtraining.JavascriptalertandAlert" time="8.846" errors="0" timestamp="2022-01-21T19:40:12 IST" skipped="0">
  <testcase classname="seleniumtraining.JavascriptalertandAlert" name="scrool" time="8.846"/>
  <system-out/>
</testsuite> <!-- seleniumtraining.JavascriptalertandAlert -->
