<?xml version="1.0" encoding="UTF-8"?>
<!-- Generated by org.testng.reporters.JUnitReportReporter -->
<testsuite hostname="DESKTOP-CNHSPHG" failures="0" tests="1" name="seleniumtraining.keyDown3" time="2.273" errors="0" timestamp="2022-01-23T11:40:34 IST" skipped="0">
  <testcase classname="seleniumtraining.keyDown3" name="scrool" time="2.273"/>
  <system-out/>
</testsuite> <!-- seleniumtraining.keyDown3 -->
