<?xml version="1.0" encoding="UTF-8"?>
<!-- Generated by org.testng.reporters.JUnitReportReporter -->
<testsuite hostname="DESKTOP-CNHSPHG" failures="0" tests="1" name="seleniumtraining.iFrame" time="2.159" errors="0" timestamp="2022-01-21T19:13:30 IST" skipped="0">
  <testcase classname="seleniumtraining.iFrame" name="scrool" time="2.159"/>
  <system-out/>
</testsuite> <!-- seleniumtraining.iFrame -->
