<?xml version="1.0" encoding="UTF-8"?>
<!-- Generated by org.testng.reporters.JUnitReportReporter -->
<testsuite hostname="DESKTOP-CNHSPHG" failures="0" tests="1" name="seleniumtraining.MaxPrice" time="35.413" errors="0" timestamp="2022-01-23T19:34:33 IST" skipped="0">
  <testcase classname="seleniumtraining.MaxPrice" name="getmaxprice" time="35.413"/>
  <system-out/>
</testsuite> <!-- seleniumtraining.MaxPrice -->
