<?xml version="1.0" encoding="UTF-8"?>
<!-- Generated by org.testng.reporters.JUnitReportReporter -->
<testsuite hostname="DESKTOP-CNHSPHG" failures="0" tests="1" name="seleniumtraining.GetAllLinks" time="54.883" errors="0" timestamp="2022-01-23T22:42:09 IST" skipped="0">
  <testcase classname="seleniumtraining.GetAllLinks" name="getAllLinks" time="54.883"/>
  <system-out/>
</testsuite> <!-- seleniumtraining.GetAllLinks -->
