<?xml version="1.0" encoding="UTF-8"?>
<!-- Generated by org.testng.reporters.JUnitReportReporter -->
<testsuite hostname="DESKTOP-CNHSPHG" failures="0" tests="1" name="seleniumtraining.NoOfRowsColoumn" time="5.505" errors="0" timestamp="2022-01-23T18:31:24 IST" skipped="0">
  <testcase classname="seleniumtraining.NoOfRowsColoumn" name="Countrowcoloumn" time="5.505"/>
  <system-out/>
</testsuite> <!-- seleniumtraining.NoOfRowsColoumn -->
