<?xml version="1.0" encoding="UTF-8"?>
<!-- Generated by org.testng.reporters.JUnitReportReporter -->
<testsuite hostname="DESKTOP-CNHSPHG" failures="0" tests="1" name="seleniumPractise.JavaScriptExecutor" time="17.484" errors="0" timestamp="2022-01-27T16:52:19 IST" skipped="0">
  <testcase classname="seleniumPractise.JavaScriptExecutor" name="javascriptexec" time="17.484"/>
  <system-out/>
</testsuite> <!-- seleniumPractise.JavaScriptExecutor -->
