<?xml version="1.0" encoding="UTF-8"?>
<!-- Generated by org.testng.reporters.JUnitReportReporter -->
<testsuite hostname="DESKTOP-CNHSPHG" failures="0" tests="1" name="seleniumPractise.RadioButton" time="10.277" errors="0" timestamp="2022-01-25T17:09:40 IST" skipped="0">
  <testcase classname="seleniumPractise.RadioButton" name="checkbox" time="10.277"/>
  <system-out/>
</testsuite> <!-- seleniumPractise.RadioButton -->
