<?xml version="1.0" encoding="UTF-8"?>
<!-- Generated by org.testng.reporters.JUnitReportReporter -->
<testsuite hostname="DESKTOP-CNHSPHG" failures="0" tests="1" name="seleniumtraining.inputdata" time="10.864" errors="0" timestamp="2022-01-23T22:28:32 IST" skipped="0">
  <testcase classname="seleniumtraining.inputdata" name="inputdataintextbox" time="10.864"/>
  <system-out/>
</testsuite> <!-- seleniumtraining.inputdata -->
