<?xml version="1.0" encoding="UTF-8"?>
<!-- Generated by org.testng.reporters.JUnitReportReporter -->
<testsuite hostname="DESKTOP-CNHSPHG" failures="0" tests="3" name="TestNG.BeforeGroupBeforeTest" time="0.011" errors="0" timestamp="2022-01-26T03:45:17 IST" skipped="0">
  <testcase classname="TestNG.BeforeGroupBeforeTest" name="test2" time="0.008"/>
  <system-out/>
  <testcase classname="TestNG.BeforeGroupBeforeTest" name="test4" time="0.002"/>
  <system-out/>
  <testcase classname="TestNG.BeforeGroupBeforeTest" name="test3" time="0.001"/>
  <system-out/>
</testsuite> <!-- TestNG.BeforeGroupBeforeTest -->
