<?xml version="1.0" encoding="UTF-8"?>
<!-- Generated by org.testng.reporters.JUnitReportReporter -->
<testsuite hostname="DESKTOP-CNHSPHG" failures="0" tests="2" name="TestNG.LoginTest" time="0.008" errors="0" timestamp="2022-01-28T18:05:38 IST" skipped="0">
  <testcase classname="TestNG.LoginTest" name="test1" time="0.007"/>
  <system-out/>
  <testcase classname="TestNG.LoginTest" name="test2" time="0.001"/>
  <system-out/>
</testsuite> <!-- TestNG.LoginTest -->
