<?xml version="1.0" encoding="UTF-8"?>
<!-- Generated by org.testng.reporters.JUnitReportReporter -->
<testsuite hostname="DESKTOP-CNHSPHG" failures="0" tests="1" name="seleniumPractise.DragDrop" time="5.894" errors="0" timestamp="2022-01-25T17:55:44 IST" skipped="0">
  <testcase classname="seleniumPractise.DragDrop" name="DragDrop" time="5.894"/>
  <system-out/>
</testsuite> <!-- seleniumPractise.DragDrop -->
