<?xml version="1.0" encoding="UTF-8"?>
<!-- Generated by org.testng.reporters.JUnitReportReporter -->
<testsuite hostname="DESKTOP-CNHSPHG" failures="0" tests="1" name="seleniumPractise.MouseHover" time="14.993" errors="0" timestamp="2022-01-25T17:46:53 IST" skipped="0">
  <testcase classname="seleniumPractise.MouseHover" name="WindowHandle" time="14.993"/>
  <system-out/>
</testsuite> <!-- seleniumPractise.MouseHover -->
