<?xml version="1.0" encoding="UTF-8"?>
<!-- Generated by org.testng.reporters.JUnitReportReporter -->
<testsuite hostname="DESKTOP-CNHSPHG" failures="0" tests="1" name="seleniumPractise.FluntWait" time="9.652" errors="0" timestamp="2022-01-26T20:51:51 IST" skipped="0">
  <testcase classname="seleniumPractise.FluntWait" name="waitfluent" time="9.652"/>
  <system-out/>
</testsuite> <!-- seleniumPractise.FluntWait -->
